[2018-04-13 16:40:28] local.ERROR: SQLSTATE[42S21]: Column already exists: 1060 Duplicate column name 'user_id' (SQL: alter table `posts` add `user_id` int unsigned not null) {"exception":"[object] (Illuminate\\Database\\QueryException(code: 42S21): SQLSTATE[42S21]: Column already exists: 1060 Duplicate column name 'user_id' (SQL: alter table `posts` add `user_id` int unsigned not null) at /var/www/html/laravel/LaravelIntake38Course/LaravelIntake38Course/vendor/laravel/framework/src/Illuminate/Database/Connection.php:664, PDOException(code: 42S21): SQLSTATE[42S21]: Column already exists: 1060 Duplicate column name 'user_id' at /var/www/html/laravel/LaravelIntake38Course/LaravelIntake38Course/vendor/laravel/framework/src/Illuminate/Database/Connection.php:458)
[stacktrace]
#0 /var/www/html/laravel/LaravelIntake38Course/LaravelIntake38Course/vendor/laravel/framework/src/Illuminate/Database/Connection.php(624): Illuminate\\Database\\Connection->runQueryCallback('alter table `po...', Array, Object(Closure))
#1 /var/www/html/laravel/LaravelIntake38Course/LaravelIntake38Course/vendor/laravel/framework/src/Illuminate/Database/Connection.php(459): Illuminate\\Database\\Connection->run('alter table `po...', Array, Object(Closure))
#2 /var/www/html/laravel/LaravelIntake38Course/LaravelIntake38Course/vendor/laravel/framework/src/Illuminate/Database/Schema/Blueprint.php(86): Illuminate\\Database\\Connection->statement('alter table `po...')
#3 /var/www/html/laravel/LaravelIntake38Course/LaravelIntake38Course/vendor/laravel/framework/src/Illuminate/Database/Schema/Builder.php(252): Illuminate\\Database\\Schema\\Blueprint->build(Object(Illuminate\\Database\\MySqlConnection), Object(Illuminate\\Database\\Schema\\Grammars\\MySqlGrammar))
#4 /var/www/html/laravel/LaravelIntake38Course/LaravelIntake38Course/vendor/laravel/framework/src/Illuminate/Database/Schema/Builder.php(149): Illuminate\\Database\\Schema\\Builder->build(Object(Illuminate\\Database\\Schema\\Blueprint))
#5 /var/www/html/laravel/LaravelIntake38Course/LaravelIntake38Course/vendor/laravel/framework/src/Illuminate/Support/Facades/Facade.php(221): Illuminate\\Database\\Schema\\Builder->table('posts', Object(Closure))
#6 /var/www/html/laravel/LaravelIntake38Course/LaravelIntake38Course/database/migrations/2018_04_13_163720_add_foreign_key_to_posts_table.php(23): Illuminate\\Support\\Facades\\Facade::__callStatic('table', Array)
#7 /var/www/html/laravel/LaravelIntake38Course/LaravelIntake38Course/vendor/laravel/framework/src/Illuminate/Database/Migrations/Migrator.php(359): AddForeignKeyToPostsTable->up()
#8 /var/www/html/laravel/LaravelIntake38Course/LaravelIntake38Course/vendor/laravel/framework/src/Illuminate/Database/Migrations/Migrator.php(366): Illuminate\\Database\\Migrations\\Migrator->Illuminate\\Database\\Migrations\\{closure}()
#9 /var/www/html/laravel/LaravelIntake38Course/LaravelIntake38Course/vendor/laravel/framework/src/Illuminate/Database/Migrations/Migrator.php(177): Illuminate\\Database\\Migrations\\Migrator->runMigration(Object(AddForeignKeyToPostsTable), 'up')
#10 /var/www/html/laravel/LaravelIntake38Course/LaravelIntake38Course/vendor/laravel/framework/src/Illuminate/Database/Migrations/Migrator.php(146): Illuminate\\Database\\Migrations\\Migrator->runUp('/var/www/html/l...', 2, false)
#11 /var/www/html/laravel/LaravelIntake38Course/LaravelIntake38Course/vendor/laravel/framework/src/Illuminate/Database/Migrations/Migrator.php(95): Illuminate\\Database\\Migrations\\Migrator->runPending(Array, Array)
#12 /var/www/html/laravel/LaravelIntake38Course/LaravelIntake38Course/vendor/laravel/framework/src/Illuminate/Database/Console/Migrations/MigrateCommand.php(69): Illuminate\\Database\\Migrations\\Migrator->run(Array, Array)
#13 [internal function]: Illuminate\\Database\\Console\\Migrations\\MigrateCommand->handle()
#14 /var/www/html/laravel/LaravelIntake38Course/LaravelIntake38Course/vendor/laravel/framework/src/Illuminate/Container/BoundMethod.php(29): call_user_func_array(Array, Array)
#15 /var/www/html/laravel/LaravelIntake38Course/LaravelIntake38Course/vendor/laravel/framework/src/Illuminate/Container/BoundMethod.php(87): Illuminate\\Container\\BoundMethod::Illuminate\\Container\\{closure}()
#16 /var/www/html/laravel/LaravelIntake38Course/LaravelIntake38Course/vendor/laravel/framework/src/Illuminate/Container/BoundMethod.php(31): Illuminate\\Container\\BoundMethod::callBoundMethod(Object(Illuminate\\Foundation\\Application), Array, Object(Closure))
#17 /var/www/html/laravel/LaravelIntake38Course/LaravelIntake38Course/vendor/laravel/framework/src/Illuminate/Container/Container.php(549): Illuminate\\Container\\BoundMethod::call(Object(Illuminate\\Foundation\\Application), Array, Array, NULL)
#18 /var/www/html/laravel/LaravelIntake38Course/LaravelIntake38Course/vendor/laravel/framework/src/Illuminate/Console/Command.php(183): Illuminate\\Container\\Container->call(Array)
#19 /var/www/html/laravel/LaravelIntake38Course/LaravelIntake38Course/vendor/symfony/console/Command/Command.php(252): Illuminate\\Console\\Command->execute(Object(Symfony\\Component\\Console\\Input\\ArgvInput), Object(Illuminate\\Console\\OutputStyle))
#20 /var/www/html/laravel/LaravelIntake38Course/LaravelIntake38Course/vendor/laravel/framework/src/Illuminate/Console/Command.php(170): Symfony\\Component\\Console\\Command\\Command->run(Object(Symfony\\Component\\Console\\Input\\ArgvInput), Object(Illuminate\\Console\\OutputStyle))
#21 /var/www/html/laravel/LaravelIntake38Course/LaravelIntake38Course/vendor/symfony/console/Application.php(946): Illuminate\\Console\\Command->run(Object(Symfony\\Component\\Console\\Input\\ArgvInput), Object(Symfony\\Component\\Console\\Output\\ConsoleOutput))
#22 /var/www/html/laravel/LaravelIntake38Course/LaravelIntake38Course/vendor/symfony/console/Application.php(248): Symfony\\Component\\Console\\Application->doRunCommand(Object(Illuminate\\Database\\Console\\Migrations\\MigrateCommand), Object(Symfony\\Component\\Console\\Input\\ArgvInput), Object(Symfony\\Component\\Console\\Output\\ConsoleOutput))
#23 /var/www/html/laravel/LaravelIntake38Course/LaravelIntake38Course/vendor/symfony/console/Application.php(148): Symfony\\Component\\Console\\Application->doRun(Object(Symfony\\Component\\Console\\Input\\ArgvInput), Object(Symfony\\Component\\Console\\Output\\ConsoleOutput))
#24 /var/www/html/laravel/LaravelIntake38Course/LaravelIntake38Course/vendor/laravel/framework/src/Illuminate/Console/Application.php(88): Symfony\\Component\\Console\\Application->run(Object(Symfony\\Component\\Console\\Input\\ArgvInput), Object(Symfony\\Component\\Console\\Output\\ConsoleOutput))
#25 /var/www/html/laravel/LaravelIntake38Course/LaravelIntake38Course/vendor/laravel/framework/src/Illuminate/Foundation/Console/Kernel.php(121): Illuminate\\Console\\Application->run(Object(Symfony\\Component\\Console\\Input\\ArgvInput), Object(Symfony\\Component\\Console\\Output\\ConsoleOutput))
#26 /var/www/html/laravel/LaravelIntake38Course/LaravelIntake38Course/artisan(37): Illuminate\\Foundation\\Console\\Kernel->handle(Object(Symfony\\Component\\Console\\Input\\ArgvInput), Object(Symfony\\Component\\Console\\Output\\ConsoleOutput))
#27 {main}
"} 
[2018-04-13 18:28:22] local.ERROR: Missing required parameters for [Route: posts.show] [URI: posts/{post}]. (View: /var/www/html/laravel/LaravelIntake38Course/LaravelIntake38Course/resources/views/posts/index.blade.php) {"exception":"[object] (ErrorException(code: 0): Missing required parameters for [Route: posts.show] [URI: posts/{post}]. (View: /var/www/html/laravel/LaravelIntake38Course/LaravelIntake38Course/resources/views/posts/index.blade.php) at /var/www/html/laravel/LaravelIntake38Course/LaravelIntake38Course/vendor/laravel/framework/src/Illuminate/Routing/Exceptions/UrlGenerationException.php:17, Illuminate\\Routing\\Exceptions\\UrlGenerationException(code: 0): Missing required parameters for [Route: posts.show] [URI: posts/{post}]. at /var/www/html/laravel/LaravelIntake38Course/LaravelIntake38Course/vendor/laravel/framework/src/Illuminate/Routing/Exceptions/UrlGenerationException.php:17)
[stacktrace]
#0 /var/www/html/laravel/LaravelIntake38Course/LaravelIntake38Course/vendor/laravel/framework/src/Illuminate/View/Engines/PhpEngine.php(45): Illuminate\\View\\Engines\\CompilerEngine->handleViewException(Object(Illuminate\\Routing\\Exceptions\\UrlGenerationException), 1)
#1 /var/www/html/laravel/LaravelIntake38Course/LaravelIntake38Course/vendor/laravel/framework/src/Illuminate/View/Engines/CompilerEngine.php(59): Illuminate\\View\\Engines\\PhpEngine->evaluatePath('/var/www/html/l...', Array)
#2 /var/www/html/laravel/LaravelIntake38Course/LaravelIntake38Course/vendor/laravel/framework/src/Illuminate/View/View.php(137): Illuminate\\View\\Engines\\CompilerEngine->get('/var/www/html/l...', Array)
#3 /var/www/html/laravel/LaravelIntake38Course/LaravelIntake38Course/vendor/laravel/framework/src/Illuminate/View/View.php(120): Illuminate\\View\\View->getContents()
#4 /var/www/html/laravel/LaravelIntake38Course/LaravelIntake38Course/vendor/laravel/framework/src/Illuminate/View/View.php(85): Illuminate\\View\\View->renderContents()
#5 /var/www/html/laravel/LaravelIntake38Course/LaravelIntake38Course/vendor/laravel/framework/src/Illuminate/Http/Response.php(42): Illuminate\\View\\View->render()
#6 /var/www/html/laravel/LaravelIntake38Course/LaravelIntake38Course/vendor/symfony/http-foundation/Response.php(200): Illuminate\\Http\\Response->setContent(Object(Illuminate\\View\\View))
#7 /var/www/html/laravel/LaravelIntake38Course/LaravelIntake38Course/vendor/laravel/framework/src/Illuminate/Routing/Router.php(724): Symfony\\Component\\HttpFoundation\\Response->__construct(Object(Illuminate\\View\\View))
#8 /var/www/html/laravel/LaravelIntake38Course/LaravelIntake38Course/vendor/laravel/framework/src/Illuminate/Routing/Router.php(698): Illuminate\\Routing\\Router::toResponse(Object(Illuminate\\Http\\Request), Object(Illuminate\\View\\View))
#9 /var/www/html/laravel/LaravelIntake38Course/LaravelIntake38Course/vendor/laravel/framework/src/Illuminate/Routing/Router.php(658): Illuminate\\Routing\\Router->prepareResponse(Object(Illuminate\\Http\\Request), Object(Illuminate\\View\\View))
#10 /var/www/html/laravel/LaravelIntake38Course/LaravelIntake38Course/vendor/laravel/framework/src/Illuminate/Routing/Pipeline.php(30): Illuminate\\Routing\\Router->Illuminate\\Routing\\{closure}(Object(Illuminate\\Http\\Request))
#11 /var/www/html/laravel/LaravelIntake38Course/LaravelIntake38Course/vendor/laravel/framework/src/Illuminate/Routing/Middleware/SubstituteBindings.php(41): Illuminate\\Routing\\Pipeline->Illuminate\\Routing\\{closure}(Object(Illuminate\\Http\\Request))
#12 /var/www/html/laravel/LaravelIntake38Course/LaravelIntake38Course/vendor/laravel/framework/src/Illuminate/Pipeline/Pipeline.php(149): Illuminate\\Routing\\Middleware\\SubstituteBindings->handle(Object(Illuminate\\Http\\Request), Object(Closure))
#13 /var/www/html/laravel/LaravelIntake38Course/LaravelIntake38Course/vendor/laravel/framework/src/Illuminate/Routing/Pipeline.php(53): Illuminate\\Pipeline\\Pipeline->Illuminate\\Pipeline\\{closure}(Object(Illuminate\\Http\\Request))
#14 /var/www/html/laravel/LaravelIntake38Course/LaravelIntake38Course/vendor/laravel/framework/src/Illuminate/Foundation/Http/Middleware/VerifyCsrfToken.php(67): Illuminate\\Routing\\Pipeline->Illuminate\\Routing\\{closure}(Object(Illuminate\\Http\\Request))
#15 /var/www/html/laravel/LaravelIntake38Course/LaravelIntake38Course/vendor/laravel/framework/src/Illuminate/Pipeline/Pipeline.php(149): Illuminate\\Foundation\\Http\\Middleware\\VerifyCsrfToken->handle(Object(Illuminate\\Http\\Request), Object(Closure))
#16 /var/www/html/laravel/LaravelIntake38Course/LaravelIntake38Course/vendor/laravel/framework/src/Illuminate/Routing/Pipeline.php(53): Illuminate\\Pipeline\\Pipeline->Illuminate\\Pipeline\\{closure}(Object(Illuminate\\Http\\Request))
#17 /var/www/html/laravel/LaravelIntake38Course/LaravelIntake38Course/vendor/laravel/framework/src/Illuminate/View/Middleware/ShareErrorsFromSession.php(49): Illuminate\\Routing\\Pipeline->Illuminate\\Routing\\{closure}(Object(Illuminate\\Http\\Request))
#18 /var/www/html/laravel/LaravelIntake38Course/LaravelIntake38Course/vendor/laravel/framework/src/Illuminate/Pipeline/Pipeline.php(149): Illuminate\\View\\Middleware\\ShareErrorsFromSession->handle(Object(Illuminate\\Http\\Request), Object(Closure))
#19 /var/www/html/laravel/LaravelIntake38Course/LaravelIntake38Course/vendor/laravel/framework/src/Illuminate/Routing/Pipeline.php(53): Illuminate\\Pipeline\\Pipeline->Illuminate\\Pipeline\\{closure}(Object(Illuminate\\Http\\Request))
#20 /var/www/html/laravel/LaravelIntake38Course/LaravelIntake38Course/vendor/laravel/framework/src/Illuminate/Session/Middleware/StartSession.php(63): Illuminate\\Routing\\Pipeline->Illuminate\\Routing\\{closure}(Object(Illuminate\\Http\\Request))
#21 /var/www/html/laravel/LaravelIntake38Course/LaravelIntake38Course/vendor/laravel/framework/src/Illuminate/Pipeline/Pipeline.php(149): Illuminate\\Session\\Middleware\\StartSession->handle(Object(Illuminate\\Http\\Request), Object(Closure))
#22 /var/www/html/laravel/LaravelIntake38Course/LaravelIntake38Course/vendor/laravel/framework/src/Illuminate/Routing/Pipeline.php(53): Illuminate\\Pipeline\\Pipeline->Illuminate\\Pipeline\\{closure}(Object(Illuminate\\Http\\Request))
#23 /var/www/html/laravel/LaravelIntake38Course/LaravelIntake38Course/vendor/laravel/framework/src/Illuminate/Cookie/Middleware/AddQueuedCookiesToResponse.php(37): Illuminate\\Routing\\Pipeline->Illuminate\\Routing\\{closure}(Object(Illuminate\\Http\\Request))
#24 /var/www/html/laravel/LaravelIntake38Course/LaravelIntake38Course/vendor/laravel/framework/src/Illuminate/Pipeline/Pipeline.php(149): Illuminate\\Cookie\\Middleware\\AddQueuedCookiesToResponse->handle(Object(Illuminate\\Http\\Request), Object(Closure))
#25 /var/www/html/laravel/LaravelIntake38Course/LaravelIntake38Course/vendor/laravel/framework/src/Illuminate/Routing/Pipeline.php(53): Illuminate\\Pipeline\\Pipeline->Illuminate\\Pipeline\\{closure}(Object(Illuminate\\Http\\Request))
#26 /var/www/html/laravel/LaravelIntake38Course/LaravelIntake38Course/vendor/laravel/framework/src/Illuminate/Cookie/Middleware/EncryptCookies.php(59): Illuminate\\Routing\\Pipeline->Illuminate\\Routing\\{closure}(Object(Illuminate\\Http\\Request))
#27 /var/www/html/laravel/LaravelIntake38Course/LaravelIntake38Course/vendor/laravel/framework/src/Illuminate/Pipeline/Pipeline.php(149): Illuminate\\Cookie\\Middleware\\EncryptCookies->handle(Object(Illuminate\\Http\\Request), Object(Closure))
#28 /var/www/html/laravel/LaravelIntake38Course/LaravelIntake38Course/vendor/laravel/framework/src/Illuminate/Routing/Pipeline.php(53): Illuminate\\Pipeline\\Pipeline->Illuminate\\Pipeline\\{closure}(Object(Illuminate\\Http\\Request))
#29 /var/www/html/laravel/LaravelIntake38Course/LaravelIntake38Course/vendor/laravel/framework/src/Illuminate/Pipeline/Pipeline.php(102): Illuminate\\Routing\\Pipeline->Illuminate\\Routing\\{closure}(Object(Illuminate\\Http\\Request))
#30 /var/www/html/laravel/LaravelIntake38Course/LaravelIntake38Course/vendor/laravel/framework/src/Illuminate/Routing/Router.php(660): Illuminate\\Pipeline\\Pipeline->then(Object(Closure))
#31 /var/www/html/laravel/LaravelIntake38Course/LaravelIntake38Course/vendor/laravel/framework/src/Illuminate/Routing/Router.php(635): Illuminate\\Routing\\Router->runRouteWithinStack(Object(Illuminate\\Routing\\Route), Object(Illuminate\\Http\\Request))
#32 /var/www/html/laravel/LaravelIntake38Course/LaravelIntake38Course/vendor/laravel/framework/src/Illuminate/Routing/Router.php(601): Illuminate\\Routing\\Router->runRoute(Object(Illuminate\\Http\\Request), Object(Illuminate\\Routing\\Route))
#33 /var/www/html/laravel/LaravelIntake38Course/LaravelIntake38Course/vendor/laravel/framework/src/Illuminate/Routing/Router.php(590): Illuminate\\Routing\\Router->dispatchToRoute(Object(Illuminate\\Http\\Request))
#34 /var/www/html/laravel/LaravelIntake38Course/LaravelIntake38Course/vendor/laravel/framework/src/Illuminate/Foundation/Http/Kernel.php(176): Illuminate\\Routing\\Router->dispatch(Object(Illuminate\\Http\\Request))
#35 /var/www/html/laravel/LaravelIntake38Course/LaravelIntake38Course/vendor/laravel/framework/src/Illuminate/Routing/Pipeline.php(30): Illuminate\\Foundation\\Http\\Kernel->Illuminate\\Foundation\\Http\\{closure}(Object(Illuminate\\Http\\Request))
#36 /var/www/html/laravel/LaravelIntake38Course/LaravelIntake38Course/vendor/fideloper/proxy/src/TrustProxies.php(56): Illuminate\\Routing\\Pipeline->Illuminate\\Routing\\{closure}(Object(Illuminate\\Http\\Request))
#37 /var/www/html/laravel/LaravelIntake38Course/LaravelIntake38Course/vendor/laravel/framework/src/Illuminate/Pipeline/Pipeline.php(149): Fideloper\\Proxy\\TrustProxies->handle(Object(Illuminate\\Http\\Request), Object(Closure))
#38 /var/www/html/laravel/LaravelIntake38Course/LaravelIntake38Course/vendor/laravel/framework/src/Illuminate/Routing/Pipeline.php(53): Illuminate\\Pipeline\\Pipeline->Illuminate\\Pipeline\\{closure}(Object(Illuminate\\Http\\Request))
#39 /var/www/html/laravel/LaravelIntake38Course/LaravelIntake38Course/vendor/laravel/framework/src/Illuminate/Foundation/Http/Middleware/TransformsRequest.php(30): Illuminate\\Routing\\Pipeline->Illuminate\\Routing\\{closure}(Object(Illuminate\\Http\\Request))
#40 /var/www/html/laravel/LaravelIntake38Course/LaravelIntake38Course/vendor/laravel/framework/src/Illuminate/Pipeline/Pipeline.php(149): Illuminate\\Foundation\\Http\\Middleware\\TransformsRequest->handle(Object(Illuminate\\Http\\Request), Object(Closure))
#41 /var/www/html/laravel/LaravelIntake38Course/LaravelIntake38Course/vendor/laravel/framework/src/Illuminate/Routing/Pipeline.php(53): Illuminate\\Pipeline\\Pipeline->Illuminate\\Pipeline\\{closure}(Object(Illuminate\\Http\\Request))
#42 /var/www/html/laravel/LaravelIntake38Course/LaravelIntake38Course/vendor/laravel/framework/src/Illuminate/Foundation/Http/Middleware/TransformsRequest.php(30): Illuminate\\Routing\\Pipeline->Illuminate\\Routing\\{closure}(Object(Illuminate\\Http\\Request))
#43 /var/www/html/laravel/LaravelIntake38Course/LaravelIntake38Course/vendor/laravel/framework/src/Illuminate/Pipeline/Pipeline.php(149): Illuminate\\Foundation\\Http\\Middleware\\TransformsRequest->handle(Object(Illuminate\\Http\\Request), Object(Closure))
#44 /var/www/html/laravel/LaravelIntake38Course/LaravelIntake38Course/vendor/laravel/framework/src/Illuminate/Routing/Pipeline.php(53): Illuminate\\Pipeline\\Pipeline->Illuminate\\Pipeline\\{closure}(Object(Illuminate\\Http\\Request))
#45 /var/www/html/laravel/LaravelIntake38Course/LaravelIntake38Course/vendor/laravel/framework/src/Illuminate/Foundation/Http/Middleware/ValidatePostSize.php(27): Illuminate\\Routing\\Pipeline->Illuminate\\Routing\\{closure}(Object(Illuminate\\Http\\Request))
#46 /var/www/html/laravel/LaravelIntake38Course/LaravelIntake38Course/vendor/laravel/framework/src/Illuminate/Pipeline/Pipeline.php(149): Illuminate\\Foundation\\Http\\Middleware\\ValidatePostSize->handle(Object(Illuminate\\Http\\Request), Object(Closure))
#47 /var/www/html/laravel/LaravelIntake38Course/LaravelIntake38Course/vendor/laravel/framework/src/Illuminate/Routing/Pipeline.php(53): Illuminate\\Pipeline\\Pipeline->Illuminate\\Pipeline\\{closure}(Object(Illuminate\\Http\\Request))
#48 /var/www/html/laravel/LaravelIntake38Course/LaravelIntake38Course/vendor/laravel/framework/src/Illuminate/Foundation/Http/Middleware/CheckForMaintenanceMode.php(46): Illuminate\\Routing\\Pipeline->Illuminate\\Routing\\{closure}(Object(Illuminate\\Http\\Request))
#49 /var/www/html/laravel/LaravelIntake38Course/LaravelIntake38Course/vendor/laravel/framework/src/Illuminate/Pipeline/Pipeline.php(149): Illuminate\\Foundation\\Http\\Middleware\\CheckForMaintenanceMode->handle(Object(Illuminate\\Http\\Request), Object(Closure))
#50 /var/www/html/laravel/LaravelIntake38Course/LaravelIntake38Course/vendor/laravel/framework/src/Illuminate/Routing/Pipeline.php(53): Illuminate\\Pipeline\\Pipeline->Illuminate\\Pipeline\\{closure}(Object(Illuminate\\Http\\Request))
#51 /var/www/html/laravel/LaravelIntake38Course/LaravelIntake38Course/vendor/laravel/framework/src/Illuminate/Pipeline/Pipeline.php(102): Illuminate\\Routing\\Pipeline->Illuminate\\Routing\\{closure}(Object(Illuminate\\Http\\Request))
#52 /var/www/html/laravel/LaravelIntake38Course/LaravelIntake38Course/vendor/laravel/framework/src/Illuminate/Foundation/Http/Kernel.php(151): Illuminate\\Pipeline\\Pipeline->then(Object(Closure))
#53 /var/www/html/laravel/LaravelIntake38Course/LaravelIntake38Course/vendor/laravel/framework/src/Illuminate/Foundation/Http/Kernel.php(116): Illuminate\\Foundation\\Http\\Kernel->sendRequestThroughRouter(Object(Illuminate\\Http\\Request))
#54 /var/www/html/laravel/LaravelIntake38Course/LaravelIntake38Course/public/index.php(55): Illuminate\\Foundation\\Http\\Kernel->handle(Object(Illuminate\\Http\\Request))
#55 /var/www/html/laravel/LaravelIntake38Course/LaravelIntake38Course/server.php(21): require_once('/var/www/html/l...')
#56 {main}
"} 
